2025-04-10 15:40:16 [main] INFO  s.logmatetest.LogmateTestApplication - Starting LogmateTestApplication using Java 17.0.1 with PID 1664 (C:\Users\kan02\OneDrive\바탕 화면\자바프로젝트\logmate-test\build\classes\java\main started by kan02 in C:\Users\kan02\OneDrive\바탕 화면\자바프로젝트\logmate-test)
2025-04-10 15:40:16 [main] INFO  s.logmatetest.LogmateTestApplication - No active profile set, falling back to 1 default profile: "default"
2025-04-10 15:40:17 [main] INFO  o.s.b.w.e.tomcat.TomcatWebServer - Tomcat initialized with port 8080 (http)
2025-04-10 15:40:17 [main] INFO  o.a.coyote.http11.Http11NioProtocol - Initializing ProtocolHandler ["http-nio-8080"]
2025-04-10 15:40:17 [main] INFO  o.a.catalina.core.StandardService - Starting service [Tomcat]
2025-04-10 15:40:17 [main] INFO  o.a.catalina.core.StandardEngine - Starting Servlet engine: [Apache Tomcat/10.1.39]
2025-04-10 15:40:17 [main] INFO  o.a.c.c.C.[Tomcat].[localhost].[/] - Initializing Spring embedded WebApplicationContext
2025-04-10 15:40:17 [main] INFO  o.s.b.w.s.c.ServletWebServerApplicationContext - Root WebApplicationContext: initialization completed in 1032 ms
2025-04-10 15:40:18 [main] INFO  o.a.coyote.http11.Http11NioProtocol - Starting ProtocolHandler ["http-nio-8080"]
2025-04-10 15:40:18 [main] INFO  o.s.b.w.e.tomcat.TomcatWebServer - Tomcat started on port 8080 (http) with context path '/'
2025-04-10 15:40:18 [main] INFO  s.logmatetest.LogmateTestApplication - Started LogmateTestApplication in 2.176 seconds (process running for 3.784)
2025-04-10 15:45:07 [SpringApplicationShutdownHook] INFO  o.s.b.w.e.tomcat.GracefulShutdown - Commencing graceful shutdown. Waiting for active requests to complete
2025-04-10 15:45:07 [tomcat-shutdown] INFO  o.s.b.w.e.tomcat.GracefulShutdown - Graceful shutdown complete
2025-04-10 16:10:57 [main] INFO  s.logmatetest.LogmateTestApplication - Starting LogmateTestApplication using Java 17.0.1 with PID 19400 (C:\Users\kan02\OneDrive\바탕 화면\자바프로젝트\logmate-test\build\classes\java\main started by kan02 in C:\Users\kan02\OneDrive\바탕 화면\자바프로젝트\logmate-test)
2025-04-10 16:10:57 [main] INFO  s.logmatetest.LogmateTestApplication - No active profile set, falling back to 1 default profile: "default"
2025-04-10 16:10:59 [main] INFO  o.s.b.w.e.tomcat.TomcatWebServer - Tomcat initialized with port 8080 (http)
2025-04-10 16:10:59 [main] INFO  o.a.coyote.http11.Http11NioProtocol - Initializing ProtocolHandler ["http-nio-8080"]
2025-04-10 16:10:59 [main] INFO  o.a.catalina.core.StandardService - Starting service [Tomcat]
2025-04-10 16:10:59 [main] INFO  o.a.catalina.core.StandardEngine - Starting Servlet engine: [Apache Tomcat/10.1.39]
2025-04-10 16:10:59 [main] INFO  o.a.c.c.C.[Tomcat].[localhost].[/] - Initializing Spring embedded WebApplicationContext
2025-04-10 16:10:59 [main] INFO  o.s.b.w.s.c.ServletWebServerApplicationContext - Root WebApplicationContext: initialization completed in 1812 ms
2025-04-10 16:11:01 [main] INFO  o.a.coyote.http11.Http11NioProtocol - Starting ProtocolHandler ["http-nio-8080"]
2025-04-10 16:11:01 [main] INFO  o.s.b.w.e.tomcat.TomcatWebServer - Tomcat started on port 8080 (http) with context path '/'
2025-04-10 16:11:01 [main] INFO  s.logmatetest.LogmateTestApplication - Started LogmateTestApplication in 4.319 seconds (process running for 5.098)
2025-04-10 16:11:49 [SpringApplicationShutdownHook] INFO  o.s.b.w.e.tomcat.GracefulShutdown - Commencing graceful shutdown. Waiting for active requests to complete
2025-04-10 16:11:49 [tomcat-shutdown] INFO  o.s.b.w.e.tomcat.GracefulShutdown - Graceful shutdown complete
2025-04-10 16:12:02 [main] INFO  s.logmatetest.LogmateTestApplication - Starting LogmateTestApplication using Java 17.0.1 with PID 22480 (C:\Users\kan02\OneDrive\바탕 화면\자바프로젝트\logmate-test\build\classes\java\main started by kan02 in C:\Users\kan02\OneDrive\바탕 화면\자바프로젝트\logmate-test)
2025-04-10 16:12:02 [main] INFO  s.logmatetest.LogmateTestApplication - No active profile set, falling back to 1 default profile: "default"
2025-04-10 16:12:04 [main] INFO  o.s.b.w.e.tomcat.TomcatWebServer - Tomcat initialized with port 8080 (http)
2025-04-10 16:12:04 [main] INFO  o.a.coyote.http11.Http11NioProtocol - Initializing ProtocolHandler ["http-nio-8080"]
2025-04-10 16:12:04 [main] INFO  o.a.catalina.core.StandardService - Starting service [Tomcat]
2025-04-10 16:12:04 [main] INFO  o.a.catalina.core.StandardEngine - Starting Servlet engine: [Apache Tomcat/10.1.39]
2025-04-10 16:12:04 [main] INFO  o.a.c.c.C.[Tomcat].[localhost].[/] - Initializing Spring embedded WebApplicationContext
2025-04-10 16:12:04 [main] INFO  o.s.b.w.s.c.ServletWebServerApplicationContext - Root WebApplicationContext: initialization completed in 2229 ms
2025-04-10 16:12:05 [main] INFO  o.a.coyote.http11.Http11NioProtocol - Starting ProtocolHandler ["http-nio-8080"]
2025-04-10 16:12:05 [main] INFO  o.s.b.w.e.tomcat.TomcatWebServer - Tomcat started on port 8080 (http) with context path '/'
2025-04-10 16:12:05 [main] INFO  s.logmatetest.LogmateTestApplication - Started LogmateTestApplication in 3.582 seconds (process running for 4.24)
2025-04-10 16:12:10 [http-nio-8080-exec-1] INFO  o.a.c.c.C.[Tomcat].[localhost].[/] - Initializing Spring DispatcherServlet 'dispatcherServlet'
2025-04-10 16:12:10 [http-nio-8080-exec-1] INFO  o.s.web.servlet.DispatcherServlet - Initializing Servlet 'dispatcherServlet'
2025-04-10 16:12:10 [http-nio-8080-exec-1] INFO  o.s.web.servlet.DispatcherServlet - Completed initialization in 2 ms
2025-04-10 16:12:11 [http-nio-8080-exec-1] INFO  s.logmatetest.LogTestController - INFO 로그입니다.
2025-04-10 16:12:11 [http-nio-8080-exec-1] WARN  s.logmatetest.LogTestController - WARN 로그입니다.
2025-04-10 16:12:11 [http-nio-8080-exec-1] ERROR s.logmatetest.LogTestController - ERROR 로그입니다.
2025-04-10 16:12:12 [http-nio-8080-exec-1] INFO  s.logmatetest.LogTestController - INFO 로그입니다.
2025-04-10 16:12:12 [http-nio-8080-exec-1] WARN  s.logmatetest.LogTestController - WARN 로그입니다.
2025-04-10 16:12:12 [http-nio-8080-exec-1] ERROR s.logmatetest.LogTestController - ERROR 로그입니다.
2025-04-10 16:12:13 [http-nio-8080-exec-1] INFO  s.logmatetest.LogTestController - INFO 로그입니다.
2025-04-10 16:12:13 [http-nio-8080-exec-1] WARN  s.logmatetest.LogTestController - WARN 로그입니다.
2025-04-10 16:12:13 [http-nio-8080-exec-1] ERROR s.logmatetest.LogTestController - ERROR 로그입니다.
2025-04-10 16:12:14 [http-nio-8080-exec-1] INFO  s.logmatetest.LogTestController - INFO 로그입니다.
2025-04-10 16:12:14 [http-nio-8080-exec-1] WARN  s.logmatetest.LogTestController - WARN 로그입니다.
2025-04-10 16:12:14 [http-nio-8080-exec-1] ERROR s.logmatetest.LogTestController - ERROR 로그입니다.
2025-04-10 16:12:15 [http-nio-8080-exec-1] INFO  s.logmatetest.LogTestController - INFO 로그입니다.
2025-04-10 16:12:15 [http-nio-8080-exec-1] WARN  s.logmatetest.LogTestController - WARN 로그입니다.
2025-04-10 16:12:15 [http-nio-8080-exec-1] ERROR s.logmatetest.LogTestController - ERROR 로그입니다.
2025-04-10 16:12:17 [http-nio-8080-exec-1] INFO  s.logmatetest.LogTestController - INFO 로그입니다.
2025-04-10 16:12:17 [http-nio-8080-exec-1] WARN  s.logmatetest.LogTestController - WARN 로그입니다.
2025-04-10 16:12:17 [http-nio-8080-exec-1] ERROR s.logmatetest.LogTestController - ERROR 로그입니다.
2025-04-10 16:12:18 [http-nio-8080-exec-1] INFO  s.logmatetest.LogTestController - INFO 로그입니다.
2025-04-10 16:12:18 [http-nio-8080-exec-1] WARN  s.logmatetest.LogTestController - WARN 로그입니다.
2025-04-10 16:12:18 [http-nio-8080-exec-1] ERROR s.logmatetest.LogTestController - ERROR 로그입니다.
2025-04-10 16:12:19 [http-nio-8080-exec-1] INFO  s.logmatetest.LogTestController - INFO 로그입니다.
2025-04-10 16:12:19 [http-nio-8080-exec-1] WARN  s.logmatetest.LogTestController - WARN 로그입니다.
2025-04-10 16:12:19 [http-nio-8080-exec-1] ERROR s.logmatetest.LogTestController - ERROR 로그입니다.
2025-04-10 16:12:20 [http-nio-8080-exec-1] INFO  s.logmatetest.LogTestController - INFO 로그입니다.
2025-04-10 16:12:20 [http-nio-8080-exec-1] WARN  s.logmatetest.LogTestController - WARN 로그입니다.
2025-04-10 16:12:20 [http-nio-8080-exec-1] ERROR s.logmatetest.LogTestController - ERROR 로그입니다.
2025-04-10 16:12:21 [http-nio-8080-exec-1] INFO  s.logmatetest.LogTestController - INFO 로그입니다.
2025-04-10 16:12:21 [http-nio-8080-exec-1] WARN  s.logmatetest.LogTestController - WARN 로그입니다.
2025-04-10 16:12:21 [http-nio-8080-exec-1] ERROR s.logmatetest.LogTestController - ERROR 로그입니다.
2025-04-10 16:12:22 [http-nio-8080-exec-1] INFO  s.logmatetest.LogTestController - INFO 로그입니다.
2025-04-10 16:12:22 [http-nio-8080-exec-1] WARN  s.logmatetest.LogTestController - WARN 로그입니다.
2025-04-10 16:12:22 [http-nio-8080-exec-1] ERROR s.logmatetest.LogTestController - ERROR 로그입니다.
2025-04-10 16:12:23 [http-nio-8080-exec-1] INFO  s.logmatetest.LogTestController - INFO 로그입니다.
2025-04-10 16:12:23 [http-nio-8080-exec-1] WARN  s.logmatetest.LogTestController - WARN 로그입니다.
2025-04-10 16:12:23 [http-nio-8080-exec-1] ERROR s.logmatetest.LogTestController - ERROR 로그입니다.
2025-04-10 16:12:24 [http-nio-8080-exec-1] INFO  s.logmatetest.LogTestController - INFO 로그입니다.
2025-04-10 16:12:24 [http-nio-8080-exec-1] WARN  s.logmatetest.LogTestController - WARN 로그입니다.
2025-04-10 16:12:24 [http-nio-8080-exec-1] ERROR s.logmatetest.LogTestController - ERROR 로그입니다.
2025-04-10 16:12:25 [http-nio-8080-exec-1] INFO  s.logmatetest.LogTestController - INFO 로그입니다.
2025-04-10 16:12:25 [http-nio-8080-exec-1] WARN  s.logmatetest.LogTestController - WARN 로그입니다.
2025-04-10 16:12:25 [http-nio-8080-exec-1] ERROR s.logmatetest.LogTestController - ERROR 로그입니다.
2025-04-10 16:12:26 [http-nio-8080-exec-1] INFO  s.logmatetest.LogTestController - INFO 로그입니다.
2025-04-10 16:12:26 [http-nio-8080-exec-1] WARN  s.logmatetest.LogTestController - WARN 로그입니다.
2025-04-10 16:12:26 [http-nio-8080-exec-1] ERROR s.logmatetest.LogTestController - ERROR 로그입니다.
2025-04-10 16:12:27 [http-nio-8080-exec-1] INFO  s.logmatetest.LogTestController - INFO 로그입니다.
2025-04-10 16:12:27 [http-nio-8080-exec-1] WARN  s.logmatetest.LogTestController - WARN 로그입니다.
2025-04-10 16:12:27 [http-nio-8080-exec-1] ERROR s.logmatetest.LogTestController - ERROR 로그입니다.
2025-04-10 16:12:28 [http-nio-8080-exec-1] INFO  s.logmatetest.LogTestController - INFO 로그입니다.
2025-04-10 16:12:28 [http-nio-8080-exec-1] WARN  s.logmatetest.LogTestController - WARN 로그입니다.
2025-04-10 16:12:28 [http-nio-8080-exec-1] ERROR s.logmatetest.LogTestController - ERROR 로그입니다.
2025-04-10 16:12:29 [http-nio-8080-exec-1] INFO  s.logmatetest.LogTestController - INFO 로그입니다.
2025-04-10 16:12:29 [http-nio-8080-exec-1] WARN  s.logmatetest.LogTestController - WARN 로그입니다.
2025-04-10 16:12:29 [http-nio-8080-exec-1] ERROR s.logmatetest.LogTestController - ERROR 로그입니다.
2025-04-10 16:12:30 [http-nio-8080-exec-1] INFO  s.logmatetest.LogTestController - INFO 로그입니다.
2025-04-10 16:12:30 [http-nio-8080-exec-1] WARN  s.logmatetest.LogTestController - WARN 로그입니다.
2025-04-10 16:12:30 [http-nio-8080-exec-1] ERROR s.logmatetest.LogTestController - ERROR 로그입니다.
2025-04-10 16:12:31 [http-nio-8080-exec-1] INFO  s.logmatetest.LogTestController - INFO 로그입니다.
2025-04-10 16:12:31 [http-nio-8080-exec-1] WARN  s.logmatetest.LogTestController - WARN 로그입니다.
2025-04-10 16:12:31 [http-nio-8080-exec-1] ERROR s.logmatetest.LogTestController - ERROR 로그입니다.
2025-04-10 16:12:32 [http-nio-8080-exec-1] INFO  s.logmatetest.LogTestController - INFO 로그입니다.
2025-04-10 16:12:32 [http-nio-8080-exec-1] WARN  s.logmatetest.LogTestController - WARN 로그입니다.
2025-04-10 16:12:32 [http-nio-8080-exec-1] ERROR s.logmatetest.LogTestController - ERROR 로그입니다.
2025-04-10 16:12:33 [http-nio-8080-exec-1] INFO  s.logmatetest.LogTestController - INFO 로그입니다.
2025-04-10 16:12:33 [http-nio-8080-exec-1] WARN  s.logmatetest.LogTestController - WARN 로그입니다.
2025-04-10 16:12:33 [http-nio-8080-exec-1] ERROR s.logmatetest.LogTestController - ERROR 로그입니다.
2025-04-10 16:12:34 [http-nio-8080-exec-1] INFO  s.logmatetest.LogTestController - INFO 로그입니다.
2025-04-10 16:12:34 [http-nio-8080-exec-1] WARN  s.logmatetest.LogTestController - WARN 로그입니다.
2025-04-10 16:12:34 [http-nio-8080-exec-1] ERROR s.logmatetest.LogTestController - ERROR 로그입니다.
2025-04-10 16:12:35 [http-nio-8080-exec-1] INFO  s.logmatetest.LogTestController - INFO 로그입니다.
2025-04-10 16:12:35 [http-nio-8080-exec-1] WARN  s.logmatetest.LogTestController - WARN 로그입니다.
2025-04-10 16:12:35 [http-nio-8080-exec-1] ERROR s.logmatetest.LogTestController - ERROR 로그입니다.
2025-04-10 16:12:36 [http-nio-8080-exec-1] INFO  s.logmatetest.LogTestController - INFO 로그입니다.
2025-04-10 16:12:36 [http-nio-8080-exec-1] WARN  s.logmatetest.LogTestController - WARN 로그입니다.
2025-04-10 16:12:36 [http-nio-8080-exec-1] ERROR s.logmatetest.LogTestController - ERROR 로그입니다.
2025-04-10 16:12:37 [http-nio-8080-exec-1] INFO  s.logmatetest.LogTestController - INFO 로그입니다.
2025-04-10 16:12:37 [http-nio-8080-exec-1] WARN  s.logmatetest.LogTestController - WARN 로그입니다.
2025-04-10 16:12:37 [http-nio-8080-exec-1] ERROR s.logmatetest.LogTestController - ERROR 로그입니다.
2025-04-10 16:12:38 [http-nio-8080-exec-1] INFO  s.logmatetest.LogTestController - INFO 로그입니다.
2025-04-10 16:12:38 [http-nio-8080-exec-1] WARN  s.logmatetest.LogTestController - WARN 로그입니다.
2025-04-10 16:12:38 [http-nio-8080-exec-1] ERROR s.logmatetest.LogTestController - ERROR 로그입니다.
2025-04-10 16:12:39 [http-nio-8080-exec-1] INFO  s.logmatetest.LogTestController - INFO 로그입니다.
2025-04-10 16:12:39 [http-nio-8080-exec-1] WARN  s.logmatetest.LogTestController - WARN 로그입니다.
2025-04-10 16:12:39 [http-nio-8080-exec-1] ERROR s.logmatetest.LogTestController - ERROR 로그입니다.
2025-04-10 16:12:40 [http-nio-8080-exec-1] INFO  s.logmatetest.LogTestController - INFO 로그입니다.
2025-04-10 16:12:40 [http-nio-8080-exec-1] WARN  s.logmatetest.LogTestController - WARN 로그입니다.
2025-04-10 16:12:40 [http-nio-8080-exec-1] ERROR s.logmatetest.LogTestController - ERROR 로그입니다.
2025-04-10 16:12:41 [http-nio-8080-exec-1] INFO  s.logmatetest.LogTestController - INFO 로그입니다.
2025-04-10 16:12:41 [http-nio-8080-exec-1] WARN  s.logmatetest.LogTestController - WARN 로그입니다.
2025-04-10 16:12:41 [http-nio-8080-exec-1] ERROR s.logmatetest.LogTestController - ERROR 로그입니다.
2025-04-10 16:12:42 [http-nio-8080-exec-1] INFO  s.logmatetest.LogTestController - INFO 로그입니다.
2025-04-10 16:12:42 [http-nio-8080-exec-1] WARN  s.logmatetest.LogTestController - WARN 로그입니다.
2025-04-10 16:12:42 [http-nio-8080-exec-1] ERROR s.logmatetest.LogTestController - ERROR 로그입니다.
2025-04-10 16:12:43 [http-nio-8080-exec-1] INFO  s.logmatetest.LogTestController - INFO 로그입니다.
2025-04-10 16:12:43 [http-nio-8080-exec-1] WARN  s.logmatetest.LogTestController - WARN 로그입니다.
2025-04-10 16:12:43 [http-nio-8080-exec-1] ERROR s.logmatetest.LogTestController - ERROR 로그입니다.
2025-04-10 16:12:44 [http-nio-8080-exec-1] INFO  s.logmatetest.LogTestController - INFO 로그입니다.
2025-04-10 16:12:44 [http-nio-8080-exec-1] WARN  s.logmatetest.LogTestController - WARN 로그입니다.
2025-04-10 16:12:44 [http-nio-8080-exec-1] ERROR s.logmatetest.LogTestController - ERROR 로그입니다.
2025-04-10 16:12:45 [http-nio-8080-exec-1] INFO  s.logmatetest.LogTestController - INFO 로그입니다.
2025-04-10 16:12:45 [http-nio-8080-exec-1] WARN  s.logmatetest.LogTestController - WARN 로그입니다.
2025-04-10 16:12:45 [http-nio-8080-exec-1] ERROR s.logmatetest.LogTestController - ERROR 로그입니다.
2025-04-10 16:12:46 [http-nio-8080-exec-1] INFO  s.logmatetest.LogTestController - INFO 로그입니다.
2025-04-10 16:12:46 [http-nio-8080-exec-1] WARN  s.logmatetest.LogTestController - WARN 로그입니다.
2025-04-10 16:12:46 [http-nio-8080-exec-1] ERROR s.logmatetest.LogTestController - ERROR 로그입니다.
2025-04-10 16:12:47 [http-nio-8080-exec-1] INFO  s.logmatetest.LogTestController - INFO 로그입니다.
2025-04-10 16:12:47 [http-nio-8080-exec-1] WARN  s.logmatetest.LogTestController - WARN 로그입니다.
2025-04-10 16:12:47 [http-nio-8080-exec-1] ERROR s.logmatetest.LogTestController - ERROR 로그입니다.
2025-04-10 16:12:48 [http-nio-8080-exec-1] INFO  s.logmatetest.LogTestController - INFO 로그입니다.
2025-04-10 16:12:48 [http-nio-8080-exec-1] WARN  s.logmatetest.LogTestController - WARN 로그입니다.
2025-04-10 16:12:48 [http-nio-8080-exec-1] ERROR s.logmatetest.LogTestController - ERROR 로그입니다.
2025-04-10 16:12:49 [http-nio-8080-exec-1] INFO  s.logmatetest.LogTestController - INFO 로그입니다.
2025-04-10 16:12:49 [http-nio-8080-exec-1] WARN  s.logmatetest.LogTestController - WARN 로그입니다.
2025-04-10 16:12:49 [http-nio-8080-exec-1] ERROR s.logmatetest.LogTestController - ERROR 로그입니다.
2025-04-10 16:12:50 [http-nio-8080-exec-1] INFO  s.logmatetest.LogTestController - INFO 로그입니다.
2025-04-10 16:12:50 [http-nio-8080-exec-1] WARN  s.logmatetest.LogTestController - WARN 로그입니다.
2025-04-10 16:12:50 [http-nio-8080-exec-1] ERROR s.logmatetest.LogTestController - ERROR 로그입니다.
2025-04-10 16:12:51 [http-nio-8080-exec-1] INFO  s.logmatetest.LogTestController - INFO 로그입니다.
2025-04-10 16:12:51 [http-nio-8080-exec-1] WARN  s.logmatetest.LogTestController - WARN 로그입니다.
2025-04-10 16:12:51 [http-nio-8080-exec-1] ERROR s.logmatetest.LogTestController - ERROR 로그입니다.
2025-04-10 16:12:52 [http-nio-8080-exec-1] INFO  s.logmatetest.LogTestController - INFO 로그입니다.
2025-04-10 16:12:52 [http-nio-8080-exec-1] WARN  s.logmatetest.LogTestController - WARN 로그입니다.
2025-04-10 16:12:52 [http-nio-8080-exec-1] ERROR s.logmatetest.LogTestController - ERROR 로그입니다.
2025-04-10 16:12:53 [http-nio-8080-exec-1] INFO  s.logmatetest.LogTestController - INFO 로그입니다.
2025-04-10 16:12:53 [http-nio-8080-exec-1] WARN  s.logmatetest.LogTestController - WARN 로그입니다.
2025-04-10 16:12:53 [http-nio-8080-exec-1] ERROR s.logmatetest.LogTestController - ERROR 로그입니다.
2025-04-10 16:12:54 [http-nio-8080-exec-1] INFO  s.logmatetest.LogTestController - INFO 로그입니다.
2025-04-10 16:12:54 [http-nio-8080-exec-1] WARN  s.logmatetest.LogTestController - WARN 로그입니다.
2025-04-10 16:12:54 [http-nio-8080-exec-1] ERROR s.logmatetest.LogTestController - ERROR 로그입니다.
2025-04-10 16:12:55 [http-nio-8080-exec-1] INFO  s.logmatetest.LogTestController - INFO 로그입니다.
2025-04-10 16:12:55 [http-nio-8080-exec-1] WARN  s.logmatetest.LogTestController - WARN 로그입니다.
2025-04-10 16:12:55 [http-nio-8080-exec-1] ERROR s.logmatetest.LogTestController - ERROR 로그입니다.
2025-04-10 16:12:56 [http-nio-8080-exec-1] INFO  s.logmatetest.LogTestController - INFO 로그입니다.
2025-04-10 16:12:56 [http-nio-8080-exec-1] WARN  s.logmatetest.LogTestController - WARN 로그입니다.
2025-04-10 16:12:56 [http-nio-8080-exec-1] ERROR s.logmatetest.LogTestController - ERROR 로그입니다.
2025-04-10 16:12:57 [http-nio-8080-exec-1] INFO  s.logmatetest.LogTestController - INFO 로그입니다.
2025-04-10 16:12:57 [http-nio-8080-exec-1] WARN  s.logmatetest.LogTestController - WARN 로그입니다.
2025-04-10 16:12:57 [http-nio-8080-exec-1] ERROR s.logmatetest.LogTestController - ERROR 로그입니다.
2025-04-10 16:12:58 [http-nio-8080-exec-1] INFO  s.logmatetest.LogTestController - INFO 로그입니다.
2025-04-10 16:12:58 [http-nio-8080-exec-1] WARN  s.logmatetest.LogTestController - WARN 로그입니다.
2025-04-10 16:12:58 [http-nio-8080-exec-1] ERROR s.logmatetest.LogTestController - ERROR 로그입니다.
2025-04-10 16:12:59 [http-nio-8080-exec-1] INFO  s.logmatetest.LogTestController - INFO 로그입니다.
2025-04-10 16:12:59 [http-nio-8080-exec-1] WARN  s.logmatetest.LogTestController - WARN 로그입니다.
2025-04-10 16:12:59 [http-nio-8080-exec-1] ERROR s.logmatetest.LogTestController - ERROR 로그입니다.
2025-04-10 16:13:00 [http-nio-8080-exec-1] INFO  s.logmatetest.LogTestController - INFO 로그입니다.
2025-04-10 16:13:00 [http-nio-8080-exec-1] WARN  s.logmatetest.LogTestController - WARN 로그입니다.
2025-04-10 16:13:00 [http-nio-8080-exec-1] ERROR s.logmatetest.LogTestController - ERROR 로그입니다.
2025-04-10 16:13:01 [http-nio-8080-exec-1] INFO  s.logmatetest.LogTestController - INFO 로그입니다.
2025-04-10 16:13:01 [http-nio-8080-exec-1] WARN  s.logmatetest.LogTestController - WARN 로그입니다.
2025-04-10 16:13:01 [http-nio-8080-exec-1] ERROR s.logmatetest.LogTestController - ERROR 로그입니다.
2025-04-10 16:13:02 [http-nio-8080-exec-1] INFO  s.logmatetest.LogTestController - INFO 로그입니다.
2025-04-10 16:13:02 [http-nio-8080-exec-1] WARN  s.logmatetest.LogTestController - WARN 로그입니다.
2025-04-10 16:13:02 [http-nio-8080-exec-1] ERROR s.logmatetest.LogTestController - ERROR 로그입니다.
2025-04-10 16:13:02 [SpringApplicationShutdownHook] INFO  o.s.b.w.e.tomcat.GracefulShutdown - Commencing graceful shutdown. Waiting for active requests to complete
2025-04-10 16:13:03 [http-nio-8080-exec-1] INFO  s.logmatetest.LogTestController - INFO 로그입니다.
2025-04-10 16:13:03 [http-nio-8080-exec-1] WARN  s.logmatetest.LogTestController - WARN 로그입니다.
2025-04-10 16:13:03 [http-nio-8080-exec-1] ERROR s.logmatetest.LogTestController - ERROR 로그입니다.
2025-04-10 16:13:04 [http-nio-8080-exec-1] INFO  s.logmatetest.LogTestController - INFO 로그입니다.
2025-04-10 16:13:04 [http-nio-8080-exec-1] WARN  s.logmatetest.LogTestController - WARN 로그입니다.
2025-04-10 16:13:04 [http-nio-8080-exec-1] ERROR s.logmatetest.LogTestController - ERROR 로그입니다.
2025-04-10 16:13:05 [http-nio-8080-exec-1] INFO  s.logmatetest.LogTestController - INFO 로그입니다.
2025-04-10 16:13:05 [http-nio-8080-exec-1] WARN  s.logmatetest.LogTestController - WARN 로그입니다.
2025-04-10 16:13:05 [http-nio-8080-exec-1] ERROR s.logmatetest.LogTestController - ERROR 로그입니다.
2025-04-10 16:13:06 [http-nio-8080-exec-1] INFO  s.logmatetest.LogTestController - INFO 로그입니다.
2025-04-10 16:13:06 [http-nio-8080-exec-1] WARN  s.logmatetest.LogTestController - WARN 로그입니다.
2025-04-10 16:13:06 [http-nio-8080-exec-1] ERROR s.logmatetest.LogTestController - ERROR 로그입니다.
2025-04-10 16:13:07 [http-nio-8080-exec-1] INFO  s.logmatetest.LogTestController - INFO 로그입니다.
2025-04-10 16:13:07 [http-nio-8080-exec-1] WARN  s.logmatetest.LogTestController - WARN 로그입니다.
2025-04-10 16:13:07 [http-nio-8080-exec-1] ERROR s.logmatetest.LogTestController - ERROR 로그입니다.
